<?xml version="1.0" encoding="UTF-8"?>
<robot generator="Robot 7.1.1 (Python 3.12.7 on linux)" generated="2024-11-08T23:29:25.153901" rpa="false" schemaversion="5">
<suite id="s1" name="Ted" source="/root/Docker_robot_appium/test/ted.robot">
<test id="s1-t1" name="cenário:" line="5">
<status status="FAIL" start="2024-11-08T23:29:25.949201" elapsed="0.006043">Test cannot be empty.</status>
</test>
<status status="FAIL" start="2024-11-08T23:29:25.180823" elapsed="0.779294"/>
</suite>
<statistics>
<total>
<stat pass="0" fail="1" skip="0">All Tests</stat>
</total>
<tag>
</tag>
<suite>
<stat pass="0" fail="1" skip="0" id="s1" name="Ted">Ted</stat>
</suite>
</statistics>
<errors>
</errors>
</robot>
